-------------------------------------------------------------------------------
Test set: org.example1.Java_jenkins_in_docker.AppTest
-------------------------------------------------------------------------------
Tests run: 1, Failures: 1, Errors: 0, Skipped: 0, Time elapsed: 0.029 s <<< FAILURE! - in org.example1.Java_jenkins_in_docker.AppTest
testInputIsEven(org.example1.Java_jenkins_in_docker.AppTest)  Time elapsed: 0.005 s  <<< FAILURE!
java.lang.AssertionError
	at org.example1.Java_jenkins_in_docker.AppTest.testInputIsEven(AppTest.java:17)

